<?xml version="1.0" encoding="UTF-8"?>
<!-- Generated by org.testng.reporters.JUnitReportReporter -->
<testsuite hostname="ajit-Inspiron-3542" failures="0" tests="1" name="com.inetBanking.testCases.TC_LoginTest_001" time="16.418" errors="0" timestamp="2023-05-11T17:21:30 IST" skipped="0">
  <testcase classname="com.inetBanking.testCases.TC_LoginTest_001" name="logintest" time="16.418"/>
  <system-out/>
</testsuite> <!-- com.inetBanking.testCases.TC_LoginTest_001 -->
